<?xml version="1.0" encoding="UTF-8"?>
<!-- Generated by org.testng.reporters.JUnitXMLReporter -->
<testsuite ignored="1" hostname="NANTHA-7" failures="0" tests="2" name="Test" time="0.042" errors="0" timestamp="2023-04-27T15:20:43 IST">
  <testcase classname="com.example.dayone.taskfiveone.NewTest" name="TC_002" time="0.007"/>
  <testcase classname="com.example.dayone.taskfiveone.NewTest" name="TC_003" time="0.001"/>
  <testcase classname="com.example.dayone.taskfiveone.NewTest" name="TC_001" time="0.0">
    <ignored/>
  </testcase> <!-- TC_001 -->
</testsuite> <!-- Test -->
