<?xml version="1.0" encoding="UTF-8"?>
<testng-results ignored="1" total="3" passed="2" failed="0" skipped="0">
  <reporter-output>
  </reporter-output>
  <suite started-at="2023-04-27T15:20:43 IST" name="Suite" finished-at="2023-04-27T15:20:43 IST" duration-ms="42">
    <groups>
      <group name="Regression test">
        <method signature="NewTest.TC_002()[pri:0, instance:com.example.dayone.taskfiveone.NewTest@52af26ee]" name="TC_002" class="com.example.dayone.taskfiveone.NewTest"/>
        <method signature="NewTest.TC_003()[pri:0, instance:com.example.dayone.taskfiveone.NewTest@52af26ee]" name="TC_003" class="com.example.dayone.taskfiveone.NewTest"/>
      </group> <!-- Regression test -->
    </groups>
    <test started-at="2023-04-27T15:20:43 IST" name="Test" finished-at="2023-04-27T15:20:43 IST" duration-ms="42">
      <class name="com.example.dayone.taskfiveone.NewTest">
        <test-method signature="TC_002()[pri:0, instance:com.example.dayone.taskfiveone.NewTest@52af26ee]" started-at="2023-04-27T15:20:43 IST" name="TC_002" finished-at="2023-04-27T15:20:43 IST" duration-ms="7" status="PASS">
          <reporter-output>
          </reporter-output>
        </test-method> <!-- TC_002 -->
        <test-method signature="TC_003()[pri:0, instance:com.example.dayone.taskfiveone.NewTest@52af26ee]" started-at="2023-04-27T15:20:43 IST" name="TC_003" finished-at="2023-04-27T15:20:43 IST" duration-ms="1" status="PASS">
          <reporter-output>
          </reporter-output>
        </test-method> <!-- TC_003 -->
      </class> <!-- com.example.dayone.taskfiveone.NewTest -->
    </test> <!-- Test -->
  </suite> <!-- Suite -->
</testng-results>
