<?xml version="1.0" encoding="UTF-8"?>
<!-- Generated by org.testng.reporters.JUnitXMLReporter -->
<testsuite ignored="0" hostname="NANTHA-7" failures="0" tests="3" name="Default test" time="0.045" errors="0" timestamp="2023-04-27T15:16:26 IST">
  <testcase classname="com.example.dayone.taskfiveone.NewTest" name="TC_001" time="0.005"/>
  <testcase classname="com.example.dayone.taskfiveone.NewTest" name="TC_002" time="0.001"/>
  <testcase classname="com.example.dayone.taskfiveone.NewTest" name="TC_003" time="0.001"/>
</testsuite> <!-- Default test -->
